<?xml version="1.0" encoding="UTF-8"?>
<testng-results skipped="0" failed="0" ignored="0" total="1" passed="1">
  <reporter-output>
  </reporter-output>
  <suite name="Default suite" duration-ms="2796" started-at="2021-02-16T19:58:21 EST" finished-at="2021-02-16T19:58:23 EST">
    <groups>
    </groups>
    <test name="Default test" duration-ms="2796" started-at="2021-02-16T19:58:21 EST" finished-at="2021-02-16T19:58:23 EST">
      <class name="APITestCases.TC02_POST_REQUEST">
        <test-method status="PASS" signature="RegisterSuccessfully()[pri:0, instance:APITestCases.TC02_POST_REQUEST@2781e022]" name="RegisterSuccessfully" duration-ms="2766" started-at="2021-02-16T19:58:21 EST" finished-at="2021-02-16T19:58:23 EST">
          <reporter-output>
          </reporter-output>
        </test-method> <!-- RegisterSuccessfully -->
      </class> <!-- APITestCases.TC02_POST_REQUEST -->
    </test> <!-- Default test -->
  </suite> <!-- Default suite -->
</testng-results>
